<?xml version="1.0" encoding="UTF-8"?>
<testsuite xmlns:xsi="http://www.w3.org/2001/XMLSchema-instance" xsi:noNamespaceSchemaLocation="https://maven.apache.org/surefire/maven-surefire-plugin/xsd/surefire-test-report-3.0.xsd" version="3.0" name="com.example.crudapp.controller.UserControllerTest" time="4.489" tests="3" errors="0" skipped="0" failures="0">
  <properties>
[...]
</properties>
  <testcase name="testGetAllUsers" classname="com.example.crudapp.controller.UserControllerTest" time="0.431">
    <system-out><![CDATA[21:56:53.723 [main] INFO org.springframework.test.context.support.AnnotationConfigContextLoaderUtils -- Could not detect default configuration classes for test class [com.example.crudapp.controller.UserControllerTest]: UserControllerTest does not declare any static, non-private, non-final, nested classes annotated with @Configuration.
21:56:53.936 [main] INFO org.springframework.boot.test.context.SpringBootTestContextBootstrapper -- Found @SpringBootConfiguration com.example.crudapp.CrudAppApplication for test class com.example.crudapp.controller.UserControllerTest

  .   ____          _            __ _ _
 /\\ / ___'_ __ _ _(_)_ __  __ _ \ \ \ \
( ( )\___ | '_ | '_| | '_ \/ _` | \ \ \ \
 \\/  ___)| |_)| | | | | || (_| |  ) ) ) )
  '  |____| .__|_| |_|_| |_\__, | / / / /
 =========|_|==============|___/=/_/_/_/
 :: Spring Boot ::                (v3.2.0)

2025-08-04T21:56:54.480+02:00  INFO 21780 --- [crud-app] [           main] c.e.c.controller.UserControllerTest      : Starting UserControllerTest using Java 17.0.2 with PID 21780 (started by Abd.El-Rahman.Adnan in D:\Learn_database)
2025-08-04T21:56:54.482+02:00 DEBUG 21780 --- [crud-app] [           main] c.e.c.controller.UserControllerTest      : Running with Spring Boot v3.2.0, Spring v6.1.1
2025-08-04T21:56:54.483+02:00  INFO 21780 --- [crud-app] [           main] c.e.c.controller.UserControllerTest      : No active profile set, falling back to 1 default profile: "default"
2025-08-04T21:56:57.369+02:00  INFO 21780 --- [crud-app] [           main] o.s.b.t.m.w.SpringBootMockServletContext : Initializing Spring TestDispatcherServlet ''
2025-08-04T21:56:57.370+02:00  INFO 21780 --- [crud-app] [           main] o.s.t.web.servlet.TestDispatcherServlet  : Initializing Servlet ''
2025-08-04T21:56:57.375+02:00  INFO 21780 --- [crud-app] [           main] o.s.t.web.servlet.TestDispatcherServlet  : Completed initialization in 2 ms
2025-08-04T21:56:57.416+02:00  INFO 21780 --- [crud-app] [           main] c.e.c.controller.UserControllerTest      : Started UserControllerTest in 3.378 seconds (process running for 4.542)
]]></system-out>
  </testcase>
  <testcase name="testCreateUser" classname="com.example.crudapp.controller.UserControllerTest" time="0.093"/>
  <testcase name="testGetUserById" classname="com.example.crudapp.controller.UserControllerTest" time="0.023"/>
</testsuite>